utils/for_tests/view_report.py:12: error: Function is missing a type annotation  [no-untyped-def]
utils/for_tests/view_report.py:32: error: Function is missing a type annotation  [no-untyped-def]
utils/for_tests/view_report.py:69: error: Function is missing a type annotation  [no-untyped-def]
utils/for_tests/view_report.py:99: error: Need type annotation for "cases_by_status" (hint: "cases_by_status: dict[<type>, <type>] = ...")  [var-annotated]
utils/for_tests/view_report.py:123: error: Function is missing a type annotation  [no-untyped-def]
utils/for_tests/view_report.py:150: error: Function is missing a return type annotation  [no-untyped-def]
utils/for_tests/view_report.py:150: note: Use "-> None" if function does not return a value
utils/common/load_json_file.py:16: error: Returning Any from function declared to return "dict[str, Any]"  [no-any-return]
configs.py:25: error: Incompatible types in assignment (expression has type "str", variable has type "Path")  [assignment]
schemas/method.py:20: error: Function is missing a return type annotation  [no-untyped-def]
schemas/imports.py:17: error: Incompatible types in assignment (expression has type "None", variable has type "list[str]")  [assignment]
schemas/imports.py:20: error: Function is missing a return type annotation  [no-untyped-def]
generator.py:217: error: Incompatible return value type (got "None", expected "Environment")  [return-value]
generator.py:234: error: Argument 1 to "load_json_file" has incompatible type "Path"; expected "str"  [arg-type]
generator.py:282: error: Incompatible return value type (got "Template", expected "str | None")  [return-value]
generator.py:310: error: "None" has no attribute "dependent_variable"  [attr-defined]
generator.py:311: error: "None" has no attribute "dependent_variable"  [attr-defined]
generator.py:318: error: "None" has no attribute "independent_variable"  [attr-defined]
generator.py:330: error: "None" has no attribute "test_title"  [attr-defined]
generator.py:333: error: "None" has no attribute "background"  [attr-defined]
generator.py:334: error: "None" has no attribute "independent_variable"  [attr-defined]
generator.py:335: error: "None" has no attribute "dependent_variable"  [attr-defined]
generator.py:336: error: "None" has no attribute "control_variables"  [attr-defined]
generator.py:337: error: "None" has no attribute "materials"  [attr-defined]
generator.py:338: error: "None" has no attribute "test_method"  [attr-defined]
generator.py:339: error: "None" has no attribute "imports"  [attr-defined]
generator.py:354: error: "None" has no attribute "independent_variable"  [attr-defined]
generator.py:355: error: "None" has no attribute "independent_variable"  [attr-defined]
generator.py:376: error: Returning Any from function declared to return "str"  [no-any-return]
generator.py:402: error: Incompatible types in assignment (expression has type "TestFileParameters", variable has type "None")  [assignment]
generator.py:411: error: Argument 1 to "_render_template" of "TestGenerator" has incompatible type "str | None"; expected "str"  [arg-type]
utils/for_tests/run_tests.py:47: error: Unsupported target for indexed assignment ("Collection[str]")  [index]
utils/for_tests/run_tests.py:48: error: Unsupported target for indexed assignment ("Collection[str]")  [index]
utils/for_tests/run_tests.py:49: error: Unsupported target for indexed assignment ("Collection[str]")  [index]
utils/for_tests/run_tests.py:50: error: Unsupported target for indexed assignment ("Collection[str]")  [index]
utils/for_tests/run_tests.py:51: error: Unsupported target for indexed assignment ("Collection[str]")  [index]
utils/for_tests/run_tests.py:52: error: Unsupported target for indexed assignment ("Collection[str]")  [index]
utils/for_tests/run_tests.py:56: error: Unsupported target for indexed assignment ("Collection[str]")  [index]
utils/for_tests/run_tests.py:57: error: Unsupported target for indexed assignment ("Collection[str]")  [index]
utils/for_tests/run_tests.py:61: error: "Collection[str]" has no attribute "append"  [attr-defined]
utils/for_tests/run_tests.py:73: error: "Collection[str]" has no attribute "append"  [attr-defined]
utils/for_tests/run_tests.py:85: error: "Collection[str]" has no attribute "append"  [attr-defined]
utils/for_tests/run_tests.py:97: error: "Collection[str]" has no attribute "append"  [attr-defined]
utils/for_tests/run_tests.py:109: error: "Collection[str]" has no attribute "append"  [attr-defined]
utils/for_tests/run_tests.py:145: error: Value of type "Collection[str]" is not indexable  [index]
utils/for_tests/run_tests.py:155: error: Value of type "Collection[str]" is not indexable  [index]
utils/for_tests/run_tests.py:156: error: Value of type "Collection[str]" is not indexable  [index]
utils/for_tests/run_tests.py:157: error: Value of type "Collection[str]" is not indexable  [index]
utils/for_tests/run_tests.py:158: error: Value of type "Collection[str]" is not indexable  [index]
utils/for_tests/run_tests.py:159: error: Value of type "Collection[str]" is not indexable  [index]
utils/for_tests/run_tests.py:160: error: Value of type "Collection[str]" is not indexable  [index]
utils/for_tests/run_tests.py:161: error: Value of type "Collection[str]" is not indexable  [index]
utils/for_tests/run_tests.py:162: error: Value of type "Collection[str]" is not indexable  [index]
utils/for_tests/run_tests.py:163: error: Value of type "Collection[str]" is not indexable  [index]
utils/for_tests/run_tests.py:177: error: Invalid index type "str" for "str"; expected type "SupportsIndex | slice[Any, Any, Any]"  [index]
utils/for_tests/run_tests.py:178: error: Invalid index type "str" for "str"; expected type "SupportsIndex | slice[Any, Any, Any]"  [index]
utils/for_tests/run_tests.py:179: error: Invalid index type "str" for "str"; expected type "SupportsIndex | slice[Any, Any, Any]"  [index]
utils/for_tests/run_tests.py:180: error: Invalid index type "str" for "str"; expected type "SupportsIndex | slice[Any, Any, Any]"  [index]
utils/for_tests/run_tests.py:185: error: Invalid index type "str" for "str"; expected type "SupportsIndex | slice[Any, Any, Any]"  [index]
utils/for_tests/run_tests.py:195: error: Invalid index type "str" for "str"; expected type "SupportsIndex | slice[Any, Any, Any]"  [index]
utils/for_tests/run_tests.py:197: error: Invalid index type "str" for "str"; expected type "SupportsIndex | slice[Any, Any, Any]"  [index]
utils/for_tests/run_tests.py:200: error: Invalid index type "str" for "str"; expected type "SupportsIndex | slice[Any, Any, Any]"  [index]
utils/for_tests/run_tests.py:232: error: Argument 1 to "discover" of "TestLoader" has incompatible type "Path"; expected "str"  [arg-type]
tests/test_variable.py:12: error: Function is missing a return type annotation  [no-untyped-def]
tests/test_variable.py:12: note: Use "-> None" if function does not return a value
tests/test_variable.py:16: error: Function is missing a return type annotation  [no-untyped-def]
tests/test_variable.py:16: note: Use "-> None" if function does not return a value
tests/test_variable.py:20: error: Function is missing a return type annotation  [no-untyped-def]
tests/test_variable.py:20: note: Use "-> None" if function does not return a value
tests/test_variable.py:24: error: Function is missing a return type annotation  [no-untyped-def]
tests/test_variable.py:24: note: Use "-> None" if function does not return a value
tests/test_variable.py:28: error: Function is missing a return type annotation  [no-untyped-def]
tests/test_variable.py:28: note: Use "-> None" if function does not return a value
tests/test_variable.py:31: error: Argument 1 to "_get_python_type_from_statistical_type" has incompatible type "str"; expected "StatisticalType"  [arg-type]
tests/test_variable.py:37: error: Function is missing a return type annotation  [no-untyped-def]
tests/test_variable.py:37: note: Use "-> None" if function does not return a value
tests/test_variable.py:60: error: Missing named argument "values" for "ExpectedValue"  [call-arg]
tests/test_variable.py:63: error: List item 0 has incompatible type "dict[str, Collection[str]]"; expected "ValidationProcedure"  [list-item]
tests/test_variable.py:72: error: Function is missing a return type annotation  [no-untyped-def]
tests/test_variable.py:72: note: Use "-> None" if function does not return a value
tests/test_variable.py:86: error: Function is missing a return type annotation  [no-untyped-def]
tests/test_variable.py:86: note: Use "-> None" if function does not return a value
tests/test_utils.py:23: error: Function is missing a return type annotation  [no-untyped-def]
tests/test_utils.py:23: note: Use "-> None" if function does not return a value
tests/test_utils.py:28: error: Function is missing a return type annotation  [no-untyped-def]
tests/test_utils.py:28: note: Use "-> None" if function does not return a value
tests/test_utils.py:33: error: Function is missing a return type annotation  [no-untyped-def]
tests/test_utils.py:33: note: Use "-> None" if function does not return a value
tests/test_utils.py:38: error: Function is missing a return type annotation  [no-untyped-def]
tests/test_utils.py:38: note: Use "-> None" if function does not return a value
tests/test_utils.py:47: error: Function is missing a return type annotation  [no-untyped-def]
tests/test_utils.py:47: note: Use "-> None" if function does not return a value
tests/test_utils.py:52: error: Function is missing a return type annotation  [no-untyped-def]
tests/test_utils.py:52: note: Use "-> None" if function does not return a value
tests/test_utils.py:57: error: Function is missing a return type annotation  [no-untyped-def]
tests/test_utils.py:57: note: Use "-> None" if function does not return a value
tests/test_utils.py:62: error: Function is missing a return type annotation  [no-untyped-def]
tests/test_utils.py:62: note: Use "-> None" if function does not return a value
tests/test_utils.py:67: error: Function is missing a return type annotation  [no-untyped-def]
tests/test_utils.py:67: note: Use "-> None" if function does not return a value
tests/test_utils.py:72: error: Function is missing a return type annotation  [no-untyped-def]
tests/test_utils.py:72: note: Use "-> None" if function does not return a value
tests/test_utils.py:81: error: Function is missing a return type annotation  [no-untyped-def]
tests/test_utils.py:81: note: Use "-> None" if function does not return a value
tests/test_utils.py:89: error: Function is missing a return type annotation  [no-untyped-def]
tests/test_utils.py:89: note: Use "-> None" if function does not return a value
tests/test_utils.py:93: error: Function is missing a return type annotation  [no-untyped-def]
tests/test_utils.py:93: note: Use "-> None" if function does not return a value
tests/test_utils.py:100: error: Function is missing a return type annotation  [no-untyped-def]
tests/test_utils.py:100: note: Use "-> None" if function does not return a value
tests/test_utils.py:105: error: Function is missing a return type annotation  [no-untyped-def]
tests/test_utils.py:105: note: Use "-> None" if function does not return a value
tests/test_schema_validation.py:19: error: "type[StatisticalType]" has no attribute "CONTINUOUS"  [attr-defined]
tests/test_schema_validation.py:29: error: Function is missing a return type annotation  [no-untyped-def]
tests/test_schema_validation.py:29: note: Use "-> None" if function does not return a value
tests/test_schema_validation.py:43: error: Function is missing a return type annotation  [no-untyped-def]
tests/test_schema_validation.py:43: note: Use "-> None" if function does not return a value
tests/test_schema_validation.py:57: error: Function is missing a return type annotation  [no-untyped-def]
tests/test_schema_validation.py:57: note: Use "-> None" if function does not return a value
tests/test_schema_validation.py:65: error: Missing named argument "values" for "ExpectedValue"  [call-arg]
tests/test_schema_validation.py:71: error: Argument 1 to "len" has incompatible type "list[ValidationProcedure] | None"; expected "Sized"  [arg-type]
tests/test_schema_validation.py:72: error: Value of type "list[ValidationProcedure] | None" is not indexable  [index]
tests/test_schema_validation.py:74: error: Function is missing a return type annotation  [no-untyped-def]
tests/test_schema_validation.py:74: note: Use "-> None" if function does not return a value
tests/test_schema_validation.py:88: error: Missing named argument "values" for "ExpectedValue"  [call-arg]
tests/test_schema_validation.py:93: error: Argument 1 to "len" has incompatible type "list[ValidationProcedure] | None"; expected "Sized"  [arg-type]
tests/test_schema_validation.py:94: error: Value of type "list[ValidationProcedure] | None" is not indexable  [index]
tests/test_schema_validation.py:95: error: Value of type "list[ValidationProcedure] | None" is not indexable  [index]
tests/test_schema_validation.py:101: error: Function is missing a return type annotation  [no-untyped-def]
tests/test_schema_validation.py:101: note: Use "-> None" if function does not return a value
tests/test_schema_validation.py:118: error: Function is missing a return type annotation  [no-untyped-def]
tests/test_schema_validation.py:118: note: Use "-> None" if function does not return a value
tests/test_schema_validation.py:123: error: "type[StatisticalType]" has no attribute "CONTINUOUS"  [attr-defined]
tests/test_schema_validation.py:129: error: "type[StatisticalType]" has no attribute "CONTINUOUS"  [attr-defined]
tests/test_schema_validation.py:131: error: Function is missing a return type annotation  [no-untyped-def]
tests/test_schema_validation.py:131: note: Use "-> None" if function does not return a value
tests/test_schema_validation.py:144: error: Function is missing a return type annotation  [no-untyped-def]
tests/test_schema_validation.py:144: note: Use "-> None" if function does not return a value
tests/test_schema_validation.py:157: error: Function is missing a return type annotation  [no-untyped-def]
tests/test_schema_validation.py:157: note: Use "-> None" if function does not return a value
tests/test_schema_validation.py:165: error: Missing named argument "values" for "ExpectedValue"  [call-arg]
tests/test_schema_validation.py:179: error: Item "None" of "ExpectedValue | None" has no attribute "value"  [union-attr]
tests/test_schema_validation.py:180: error: Item "None" of "ExpectedValue | None" has no attribute "validation_procedures"  [union-attr]
tests/test_schema_validation.py:180: error: Argument 1 to "len" has incompatible type "list[ValidationProcedure] | Any | None"; expected "Sized"  [arg-type]
tests/test_schema_validation.py:182: error: Function is missing a return type annotation  [no-untyped-def]
tests/test_schema_validation.py:182: note: Use "-> None" if function does not return a value
tests/test_schema_validation.py:195: error: Function is missing a return type annotation  [no-untyped-def]
tests/test_schema_validation.py:195: note: Use "-> None" if function does not return a value
tests/test_schema_validation.py:211: error: "type[StatisticalType]" has no attribute "CONTINUOUS"  [attr-defined]
tests/test_schema_validation.py:241: error: Function is missing a return type annotation  [no-untyped-def]
tests/test_schema_validation.py:241: note: Use "-> None" if function does not return a value
tests/test_schema_validation.py:259: error: Function is missing a return type annotation  [no-untyped-def]
tests/test_schema_validation.py:259: note: Use "-> None" if function does not return a value
tests/test_schema_validation.py:275: error: Function is missing a return type annotation  [no-untyped-def]
tests/test_schema_validation.py:275: note: Use "-> None" if function does not return a value
tests/test_schema_validation.py:291: error: Function is missing a return type annotation  [no-untyped-def]
tests/test_schema_validation.py:291: note: Use "-> None" if function does not return a value
tests/test_schema_validation.py:299: error: Function is missing a return type annotation  [no-untyped-def]
tests/test_schema_validation.py:299: note: Use "-> None" if function does not return a value
tests/test_schema_validation.py:311: error: Function is missing a return type annotation  [no-untyped-def]
tests/test_schema_validation.py:311: note: Use "-> None" if function does not return a value
tests/test_schema_validation.py:317: error: Function is missing a return type annotation  [no-untyped-def]
tests/test_schema_validation.py:317: note: Use "-> None" if function does not return a value
tests/test_schema_validation.py:323: error: Function is missing a return type annotation  [no-untyped-def]
tests/test_schema_validation.py:323: note: Use "-> None" if function does not return a value
tests/test_coverage_reporting.py:20: error: Function is missing a return type annotation  [no-untyped-def]
tests/test_coverage_reporting.py:20: note: Use "-> None" if function does not return a value
tests/test_coverage_reporting.py:28: error: Function is missing a return type annotation  [no-untyped-def]
tests/test_coverage_reporting.py:28: note: Use "-> None" if function does not return a value
tests/test_coverage_reporting.py:37: error: Function is missing a return type annotation  [no-untyped-def]
tests/test_coverage_reporting.py:37: note: Use "-> None" if function does not return a value
tests/test_coverage_reporting.py:65: error: Function is missing a return type annotation  [no-untyped-def]
tests/test_coverage_reporting.py:65: note: Use "-> None" if function does not return a value
tests/test_coverage_reporting.py:112: error: Function is missing a return type annotation  [no-untyped-def]
tests/test_coverage_reporting.py:112: note: Use "-> None" if function does not return a value
tests/test_configs.py:22: error: Function is missing a return type annotation  [no-untyped-def]
tests/test_configs.py:22: note: Use "-> None" if function does not return a value
tests/test_configs.py:32: error: Function is missing a return type annotation  [no-untyped-def]
tests/test_configs.py:32: note: Use "-> None" if function does not return a value
tests/test_configs.py:38: error: Function is missing a return type annotation  [no-untyped-def]
tests/test_configs.py:38: note: Use "-> None" if function does not return a value
tests/test_configs.py:62: error: Function is missing a return type annotation  [no-untyped-def]
tests/test_configs.py:62: note: Use "-> None" if function does not return a value
tests/test_configs.py:76: error: Function is missing a return type annotation  [no-untyped-def]
tests/test_configs.py:76: note: Use "-> None" if function does not return a value
tests/test_configs.py:88: error: Function is missing a return type annotation  [no-untyped-def]
tests/test_configs.py:88: note: Use "-> None" if function does not return a value
tests/test_configs.py:101: error: Function is missing a return type annotation  [no-untyped-def]
tests/test_configs.py:101: note: Use "-> None" if function does not return a value
deprecated/validation_method.py:211: error: Function is missing a type annotation  [no-untyped-def]
cli.py:37: error: Function is missing a return type annotation  [no-untyped-def]
cli.py:37: note: Use "-> None" if function does not return a value
cli.py:169: error: Argument 1 to "TestGenerator" has incompatible type "Any | None"; expected "Configs"  [arg-type]
tests/test_parametrized_tests.py:23: error: Function is missing a return type annotation  [no-untyped-def]
tests/test_parametrized_tests.py:23: note: Use "-> None" if function does not return a value
tests/test_parametrized_tests.py:103: error: Function is missing a return type annotation  [no-untyped-def]
tests/test_parametrized_tests.py:103: note: Use "-> None" if function does not return a value
tests/test_parametrized_tests.py:110: error: Function is missing a type annotation  [no-untyped-def]
tests/test_parametrized_tests.py:130: error: Function is missing a type annotation  [no-untyped-def]
tests/test_parametrized_tests.py:164: error: Function is missing a type annotation  [no-untyped-def]
tests/test_parametrized_tests.py:167: error: Function is missing a type annotation  [no-untyped-def]
tests/test_parametrized_tests.py:207: error: Function is missing a type annotation  [no-untyped-def]
tests/test_parametrized_tests.py:236: error: Function is missing a type annotation  [no-untyped-def]
tests/test_generator.py:30: error: Function is missing a type annotation  [no-untyped-def]
tests/test_generator.py:53: error: Function is missing a type annotation  [no-untyped-def]
tests/test_generator.py:76: error: Function is missing a type annotation  [no-untyped-def]
tests/test_generator.py:102: error: Function is missing a return type annotation  [no-untyped-def]
tests/test_generator.py:102: note: Use "-> None" if function does not return a value
tests/test_generator.py:104: error: Need type annotation for "json_data" (hint: "json_data: dict[<type>, <type>] = ...")  [var-annotated]
tests/test_generator.py:113: error: Function is missing a return type annotation  [no-untyped-def]
tests/test_generator.py:113: note: Use "-> None" if function does not return a value
tests/test_generator.py:171: error: Function is missing a return type annotation  [no-untyped-def]
tests/test_generator.py:171: note: Use "-> None" if function does not return a value
tests/test_generator.py:176: error: Function is missing a return type annotation  [no-untyped-def]
tests/test_generator.py:176: note: Use "-> None" if function does not return a value
tests/test_generator.py:184: error: Function is missing a type annotation  [no-untyped-def]
tests/test_generator.py:189: error: Argument 1 to "Variable" has incompatible type "**dict[str, object]"; expected "str"  [arg-type]
tests/test_generator.py:189: error: Argument 1 to "Variable" has incompatible type "**dict[str, object]"; expected "StatisticalType"  [arg-type]
tests/test_generator.py:189: error: Argument 1 to "Variable" has incompatible type "**dict[str, object]"; expected "list[ParameterValue | Any] | None"  [arg-type]
tests/test_generator.py:189: error: Argument 1 to "Variable" has incompatible type "**dict[str, object]"; expected "ExpectedValue | None"  [arg-type]
tests/test_generator.py:204: error: Function is missing a return type annotation  [no-untyped-def]
tests/test_generator.py:204: note: Use "-> None" if function does not return a value
tests/test_generator.py:214: error: Function is missing a return type annotation  [no-untyped-def]
tests/test_generator.py:214: note: Use "-> None" if function does not return a value
tests/test_generator.py:224: error: Function is missing a return type annotation  [no-untyped-def]
tests/test_generator.py:224: note: Use "-> None" if function does not return a value
tests/test_generator.py:232: error: Function is missing a type annotation  [no-untyped-def]
tests/test_generator.py:251: error: Incompatible types in assignment (expression has type "MagicMock", variable has type "None")  [assignment]
tests/test_generator.py:262: error: Function is missing a type annotation  [no-untyped-def]
tests/test_generator.py:284: error: Function is missing a return type annotation  [no-untyped-def]
tests/test_generator.py:284: note: Use "-> None" if function does not return a value
tests/test_fixture_handling.py:23: error: Function is missing a return type annotation  [no-untyped-def]
tests/test_fixture_handling.py:23: note: Use "-> None" if function does not return a value
tests/test_fixture_handling.py:106: error: Function is missing a return type annotation  [no-untyped-def]
tests/test_fixture_handling.py:106: note: Use "-> None" if function does not return a value
tests/test_fixture_handling.py:111: error: Function is missing a return type annotation  [no-untyped-def]
tests/test_fixture_handling.py:111: note: Use "-> None" if function does not return a value
tests/test_fixture_handling.py:117: error: Function is missing a type annotation  [no-untyped-def]
tests/test_fixture_handling.py:142: error: Function is missing a type annotation  [no-untyped-def]
tests/test_fixture_handling.py:166: error: Function is missing a type annotation  [no-untyped-def]
tests/test_discovery_features.py:23: error: Function is missing a return type annotation  [no-untyped-def]
tests/test_discovery_features.py:23: note: Use "-> None" if function does not return a value
tests/test_discovery_features.py:100: error: Function is missing a return type annotation  [no-untyped-def]
tests/test_discovery_features.py:100: note: Use "-> None" if function does not return a value
tests/test_discovery_features.py:105: error: Function is missing a return type annotation  [no-untyped-def]
tests/test_discovery_features.py:105: note: Use "-> None" if function does not return a value
tests/test_discovery_features.py:165: error: Function is missing a return type annotation  [no-untyped-def]
tests/test_discovery_features.py:165: note: Use "-> None" if function does not return a value
tests/test_discovery_features.py:235: error: Function is missing a return type annotation  [no-untyped-def]
tests/test_discovery_features.py:292: error: Function is missing a type annotation  [no-untyped-def]
tests/test_discovery_features.py:297: error: "TestDiscoverer" has no attribute "_discover_multiple_directories"  [attr-defined]
tests/test_discovery_features.py:300: error: "TestDiscoverer" has no attribute "test_dirs"; maybe "test_dir"?  [attr-defined]
tests/test_discovery_features.py:322: error: Function is missing a return type annotation  [no-untyped-def]
tests/test_discovery_features.py:364: error: Function is missing a type annotation  [no-untyped-def]
tests/test_discovery_features.py:369: error: "TestDiscoverer" has no attribute "_discover_specific_tests"  [attr-defined]
tests/test_discovery_features.py:380: error: Function is missing a type annotation  [no-untyped-def]
tests/test_discovery_features.py:383: error: "TestDiscoverer" has no attribute "_discover_specific_tests"  [attr-defined]
tests/test_discovery_features.py:388: error: Cannot assign to a method  [method-assign]
tests/test_discovery_features.py:401: error: Function is missing a return type annotation  [no-untyped-def]
tests/test_discovery_features.py:450: error: Function is missing a type annotation  [no-untyped-def]
tests/test_discovery_features.py:454: error: Cannot assign to a method  [method-assign]
tests/test_coverage.py:22: error: Function is missing a return type annotation  [no-untyped-def]
tests/test_coverage.py:22: note: Use "-> None" if function does not return a value
tests/test_coverage.py:34: error: Function is missing a return type annotation  [no-untyped-def]
tests/test_coverage.py:34: note: Use "-> None" if function does not return a value
tests/test_coverage.py:44: error: Function is missing a return type annotation  [no-untyped-def]
tests/test_coverage.py:44: note: Use "-> None" if function does not return a value
tests/test_coverage.py:47: error: Value of type "Collection[str]" is not indexable  [index]
tests/test_coverage.py:48: error: Value of type "Collection[str]" is not indexable  [index]
tests/test_coverage.py:49: error: Value of type "Collection[str]" is not indexable  [index]
tests/test_coverage.py:50: error: Value of type "Collection[str]" is not indexable  [index]
tests/test_coverage.py:51: error: Value of type "Collection[str]" is not indexable  [index]
tests/test_coverage.py:54: error: Function is missing a return type annotation  [no-untyped-def]
tests/test_coverage.py:54: note: Use "-> None" if function does not return a value
tests/test_coverage.py:69: error: Value of type "Collection[str]" is not indexable  [index]
tests/test_coverage.py:70: error: Value of type "Collection[str]" is not indexable  [index]
tests/test_coverage.py:71: error: Value of type "Collection[str]" is not indexable  [index]
tests/test_coverage.py:72: error: Value of type "Collection[str]" is not indexable  [index]
tests/test_coverage.py:73: error: Value of type "Collection[str]" is not indexable  [index]
tests/test_coverage.py:74: error: Value of type "Collection[str]" is not indexable  [index]
tests/test_coverage.py:77: error: Value of type "Collection[str]" is not indexable  [index]
tests/test_coverage.py:83: error: Invalid index type "str" for "str"; expected type "SupportsIndex | slice[Any, Any, Any]"  [index]
tests/test_coverage.py:90: error: Function is missing a return type annotation  [no-untyped-def]
tests/test_coverage.py:90: note: Use "-> None" if function does not return a value
tests/test_coverage.py:119: error: Function is missing a return type annotation  [no-untyped-def]
tests/test_coverage.py:119: note: Use "-> None" if function does not return a value
tests/test_coverage.py:148: error: Function is missing a return type annotation  [no-untyped-def]
tests/test_coverage.py:148: note: Use "-> None" if function does not return a value
tests/test_coverage.py:175: error: Function is missing a return type annotation  [no-untyped-def]
tests/test_coverage.py:175: note: Use "-> None" if function does not return a value
tests/test_coverage.py:217: error: Function is missing a type annotation  [no-untyped-def]
test_output/expected_output_test_divisionbyzerotest.py:17: error: Function is missing a return type annotation  [no-untyped-def]
test_output/expected_output_test_divisionbyzerotest.py:17: note: Use "-> None" if function does not return a value
test_output/expected_output_test_divisionbyzerotest.py:21: error: Function is missing a return type annotation  [no-untyped-def]
test_output/expected_output_test_divisionbyzerotest.py:21: note: Use "-> None" if function does not return a value
test_output/expected_output_test_divisionbyzerotest.py:25: error: Function is missing a return type annotation  [no-untyped-def]
test_output/expected_output_test_divisionbyzerotest.py:25: note: Use "-> None" if function does not return a value
test_output/expected_output_test_divisionbyzerotest.py:59: error: Function is missing a return type annotation  [no-untyped-def]
tests/test_integration.py:21: error: Function is missing a return type annotation  [no-untyped-def]
tests/test_integration.py:21: note: Use "-> None" if function does not return a value
tests/test_integration.py:75: error: Function is missing a return type annotation  [no-untyped-def]
tests/test_integration.py:75: note: Use "-> None" if function does not return a value
tests/test_integration.py:80: error: Function is missing a return type annotation  [no-untyped-def]
tests/test_integration.py:80: note: Use "-> None" if function does not return a value
tests/test_integration.py:118: error: Function is missing a return type annotation  [no-untyped-def]
tests/test_integration.py:118: note: Use "-> None" if function does not return a value
tests/test_debug_mode.py:25: error: Function is missing a return type annotation  [no-untyped-def]
tests/test_debug_mode.py:25: note: Use "-> None" if function does not return a value
tests/test_debug_mode.py:99: error: Function is missing a return type annotation  [no-untyped-def]
tests/test_debug_mode.py:99: note: Use "-> None" if function does not return a value
tests/test_debug_mode.py:105: error: Function is missing a type annotation  [no-untyped-def]
tests/test_debug_mode.py:131: error: Function is missing a type annotation  [no-untyped-def]
tests/test_debug_mode.py:158: error: Function is missing a type annotation  [no-untyped-def]
tests/test_debug_mode.py:188: error: Function is missing a type annotation  [no-untyped-def]
tests/test_debug_mode.py:241: error: Function is missing a type annotation  [no-untyped-def]
tests/test_debug_mode.py:252: error: Function is missing a return type annotation  [no-untyped-def]
tests/test_debug_mode.py:252: note: Use "-> None" if function does not return a value
tests/test_debug_mode.py:325: error: Function is missing a type annotation  [no-untyped-def]
tests/test_debug_mode.py:352: error: Function is missing a type annotation  [no-untyped-def]
tests/test_debug_mode.py:365: error: "None" has no attribute "generate_test_file"  [attr-defined]
tests/test_debug_mode.py:385: error: Function is missing a type annotation  [no-untyped-def]
tests/test_conditional_generation.py:23: error: Function is missing a return type annotation  [no-untyped-def]
tests/test_conditional_generation.py:23: note: Use "-> None" if function does not return a value
tests/test_conditional_generation.py:134: error: Function is missing a return type annotation  [no-untyped-def]
tests/test_conditional_generation.py:134: note: Use "-> None" if function does not return a value
tests/test_conditional_generation.py:140: error: Function is missing a type annotation  [no-untyped-def]
tests/test_conditional_generation.py:168: error: Function is missing a type annotation  [no-untyped-def]
tests/test_conditional_generation.py:194: error: Function is missing a type annotation  [no-untyped-def]
tests/test_conditional_generation.py:222: error: Function is missing a type annotation  [no-untyped-def]
tests/test_conditional_generation.py:252: error: Function is missing a type annotation  [no-untyped-def]
tests/test_conditional_generation.py:267: error: Function is missing a type annotation  [no-untyped-def]
tests/test_conditional_generation.py:300: error: Item "None" of "ExpectedValue | None" has no attribute "validation_procedures"  [union-attr]
tests/test_conditional_generation.py:300: error: Value of type "list[ValidationProcedure] | Any | None" is not indexable  [index]
tests/test_conditional_generation.py:300: error: Value of type "ValidationProcedure | Any" is not indexable  [index]
tests/test_cli.py:21: error: Function is missing a return type annotation  [no-untyped-def]
tests/test_cli.py:21: note: Use "-> None" if function does not return a value
tests/test_cli.py:34: error: Function is missing a return type annotation  [no-untyped-def]
tests/test_cli.py:34: note: Use "-> None" if function does not return a value
tests/test_cli.py:40: error: Function is missing a return type annotation  [no-untyped-def]
tests/test_cli.py:40: note: Use "-> None" if function does not return a value
tests/test_cli.py:55: error: Function is missing a return type annotation  [no-untyped-def]
tests/test_cli.py:55: note: Use "-> None" if function does not return a value
tests/test_cli.py:74: error: Function is missing a return type annotation  [no-untyped-def]
tests/test_cli.py:74: note: Use "-> None" if function does not return a value
tests/test_cli.py:90: error: Item "None" of "Any | None" has no attribute "name"  [union-attr]
tests/test_cli.py:91: error: Item "None" of "Any | None" has no attribute "json_file_path"  [union-attr]
tests/test_cli.py:93: error: Function is missing a return type annotation  [no-untyped-def]
tests/test_cli.py:93: note: Use "-> None" if function does not return a value
tests/test_cli.py:108: error: Function is missing a type annotation  [no-untyped-def]
tests/test_cli.py:131: error: Function is missing a type annotation  [no-untyped-def]
test_output/test_divisionbyzerotest.py:40: error: Function is missing a return type annotation  [no-untyped-def]
test_output/test_divisionbyzerotest.py:47: error: Function is missing a return type annotation  [no-untyped-def]
test_output/test_divisionbyzerotest.py:53: error: Unsupported target for indexed assignment ("Collection[str]")  [index]
test_output/test_divisionbyzerotest.py:57: error: Function is missing a type annotation  [no-untyped-def]
test_output/test_divisionbyzerotest.py:123: error: Function is missing a type annotation  [no-untyped-def]
test_output/test_divisionbyzerotest.py:141: error: Function is missing a type annotation  [no-untyped-def]
utils/common/get_cid.py:21: error: Function is missing a return type annotation  [no-untyped-def]
utils/common/get_cid.py:21: note: Use "-> None" if function does not return a value
utils/common/get_cid.py:92: error: Argument 1 to "write" of "_TextIOBase" has incompatible type "str | bytes"; expected "str"  [arg-type]
utils/common/get_cid.py:120: error: Argument 1 to "openssl_sha256" has incompatible type "str"; expected "Buffer"  [arg-type]
utils/common/get_cid.py:141: error: Argument 1 to "_get_cid_for_string" has incompatible type "str | Path | bytes"; expected "str"  [arg-type]
Found 261 errors in 26 files (checked 44 source files)
